The target system is: Generic - Generic - AVR8
The host system is: Linux - 5.10.75-1-lts - x86_64
Compiling the C compiler identification source file "CMakeCCompilerId.c" succeeded.
Compiler: /usr/bin/avr-gcc 
Build flags: 
Id flags:  

The output was:
0


Compilation of the C compiler identification source "CMakeCCompilerId.c" produced "a.out"

The C compiler identification is GNU, found in "/home/groben/Documents/Repos/LabBenchPowerSupply/Firmware/build/CMakeFiles/3.21.3/CompilerIdC/a.out"

Detecting C compiler ABI info compiled with the following output:
Change Dir: /home/groben/Documents/Repos/LabBenchPowerSupply/Firmware/build/CMakeFiles/CMakeTmp

Run Build Command(s):/usr/bin/make -f Makefile cmTC_bdfa4/fast && /usr/bin/make  -f CMakeFiles/cmTC_bdfa4.dir/build.make CMakeFiles/cmTC_bdfa4.dir/build
make[1]: Entering directory '/home/groben/Documents/Repos/LabBenchPowerSupply/Firmware/build/CMakeFiles/CMakeTmp'
Building C object CMakeFiles/cmTC_bdfa4.dir/CMakeCCompilerABI.c.obj
/usr/bin/avr-gcc   -Os -funsigned-char   -funsigned-bitfields   -fpack-struct   -fshort-enums   -ffunction-sections   -fdata-sections   -fno-split-wide-types   -fno-tree-scev-cprop  -Wall   -Wextra   -Wno-main   -Wundef   -pedantic   -Wstrict-prototypes   -Werror   -Wfatal-errors  -Wl,--gc-sections -Wl,--relax   -v -o CMakeFiles/cmTC_bdfa4.dir/CMakeCCompilerABI.c.obj -c /usr/share/cmake-3.21/Modules/CMakeCCompilerABI.c
Using built-in specs.
Reading specs from /usr/lib/gcc/avr/11.2.0/device-specs/specs-avr2
COLLECT_GCC=/usr/bin/avr-gcc
Target: avr
Configured with: /build/avr-gcc/src/gcc-11.2.0/configure --disable-install-libiberty --disable-libssp --disable-libstdcxx-pch --disable-libunwind-exceptions --disable-linker-build-id --disable-nls --disable-werror --disable-__cxa_atexit --enable-checking=release --enable-clocale=gnu --enable-gnu-unique-object --enable-gold --enable-languages=c,c++ --enable-ld=default --enable-lto --enable-plugin --enable-shared --infodir=/usr/share/info --libdir=/usr/lib --libexecdir=/usr/lib --mandir=/usr/share/man --prefix=/usr --target=avr --with-as=/usr/bin/avr-as --with-gnu-as --with-gnu-ld --with-ld=/usr/bin/avr-ld --with-plugin-ld=ld.gold --with-system-zlib --with-isl --enable-gnu-indirect-function
Thread model: single
Supported LTO compression algorithms: zlib zstd
gcc version 11.2.0 (GCC) 
COLLECT_GCC_OPTIONS='-Os' '-funsigned-char' '-funsigned-bitfields' '-fpack-struct' '-fshort-enums' '-ffunction-sections' '-fdata-sections' '-fno-split-wide-types' '-fno-tree-scev-cprop' '-Wall' '-Wextra' '-Wno-main' '-Wundef' '-Wpedantic' '-Wstrict-prototypes' '-Werror' '-Wfatal-errors' '-v' '-o' 'CMakeFiles/cmTC_bdfa4.dir/CMakeCCompilerABI.c.obj' '-c' '-mdouble=32' '-mlong-double=64' '-specs=device-specs/specs-avr2' '-dumpdir' 'CMakeFiles/cmTC_bdfa4.dir/'
 /usr/lib/gcc/avr/11.2.0/cc1 -quiet -v /usr/share/cmake-3.21/Modules/CMakeCCompilerABI.c -mn-flash=6 -mskip-bug -quiet -dumpdir CMakeFiles/cmTC_bdfa4.dir/ -dumpbase CMakeCCompilerABI.c.c -dumpbase-ext .c -mdouble=32 -mlong-double=64 -Os -Wall -Wextra -Wno-main -Wundef -Wpedantic -Wstrict-prototypes -Werror -Wfatal-errors -version -funsigned-char -funsigned-bitfields -fpack-struct -fshort-enums -ffunction-sections -fdata-sections -fno-split-wide-types -fno-tree-scev-cprop -o /tmp/cc7dYv0s.s
GNU C17 (GCC) version 11.2.0 (avr)
	compiled by GNU C version 11.1.0, GMP version 6.2.1, MPFR version 4.1.0, MPC version 1.2.1, isl version isl-0.24-GMP

warning: MPFR header version 4.1.0 differs from library version 4.1.0-p13.
GGC heuristics: --param ggc-min-expand=100 --param ggc-min-heapsize=131072
ignoring nonexistent directory "/usr/lib/gcc/avr/11.2.0/../../../../avr/sys-include"
#include "..." search starts here:
#include <...> search starts here:
 /usr/lib/gcc/avr/11.2.0/include
 /usr/lib/gcc/avr/11.2.0/include-fixed
 /usr/lib/gcc/avr/11.2.0/../../../../avr/include
End of search list.
GNU C17 (GCC) version 11.2.0 (avr)
	compiled by GNU C version 11.1.0, GMP version 6.2.1, MPFR version 4.1.0, MPC version 1.2.1, isl version isl-0.24-GMP

warning: MPFR header version 4.1.0 differs from library version 4.1.0-p13.
GGC heuristics: --param ggc-min-expand=100 --param ggc-min-heapsize=131072
Compiler executable checksum: 90e2d9cdda96869ff5513b5bb6a12cd9
COLLECT_GCC_OPTIONS='-Os' '-funsigned-char' '-funsigned-bitfields' '-fpack-struct' '-fshort-enums' '-ffunction-sections' '-fdata-sections' '-fno-split-wide-types' '-fno-tree-scev-cprop' '-Wall' '-Wextra' '-Wno-main' '-Wundef' '-Wpedantic' '-Wstrict-prototypes' '-Werror' '-Wfatal-errors' '-v' '-o' 'CMakeFiles/cmTC_bdfa4.dir/CMakeCCompilerABI.c.obj' '-c' '-mdouble=32' '-mlong-double=64' '-specs=device-specs/specs-avr2' '-dumpdir' 'CMakeFiles/cmTC_bdfa4.dir/'
 /usr/bin/avr-as -v -mmcu=avr2 -mgcc-isr -o CMakeFiles/cmTC_bdfa4.dir/CMakeCCompilerABI.c.obj /tmp/cc7dYv0s.s
GNU assembler version 2.37 (avr) using BFD version (GNU Binutils) 2.37
COMPILER_PATH=/usr/lib/gcc/avr/11.2.0/:/usr/lib/gcc/avr/11.2.0/:/usr/lib/gcc/avr/:/usr/lib/gcc/avr/11.2.0/:/usr/lib/gcc/avr/
LIBRARY_PATH=/usr/lib/gcc/avr/11.2.0/:/usr/lib/gcc/avr/11.2.0/../../../../avr/lib/
COLLECT_GCC_OPTIONS='-Os' '-funsigned-char' '-funsigned-bitfields' '-fpack-struct' '-fshort-enums' '-ffunction-sections' '-fdata-sections' '-fno-split-wide-types' '-fno-tree-scev-cprop' '-Wall' '-Wextra' '-Wno-main' '-Wundef' '-Wpedantic' '-Wstrict-prototypes' '-Werror' '-Wfatal-errors' '-v' '-o' 'CMakeFiles/cmTC_bdfa4.dir/CMakeCCompilerABI.c.obj' '-c' '-mdouble=32' '-mlong-double=64' '-specs=device-specs/specs-avr2' '-dumpdir' 'CMakeFiles/cmTC_bdfa4.dir/CMakeCCompilerABI.c.'
Linking C static library libcmTC_bdfa4.a
/usr/bin/cmake -P CMakeFiles/cmTC_bdfa4.dir/cmake_clean_target.cmake
/usr/bin/cmake -E cmake_link_script CMakeFiles/cmTC_bdfa4.dir/link.txt --verbose=1
/usr/bin/gcc-ar qcs libcmTC_bdfa4.a CMakeFiles/cmTC_bdfa4.dir/CMakeCCompilerABI.c.obj
true
make[1]: Leaving directory '/home/groben/Documents/Repos/LabBenchPowerSupply/Firmware/build/CMakeFiles/CMakeTmp'



Parsed C implicit include dir info from above output: rv=done
  found start of include info
  found start of implicit include info
    add: [/usr/lib/gcc/avr/11.2.0/include]
    add: [/usr/lib/gcc/avr/11.2.0/include-fixed]
    add: [/usr/lib/gcc/avr/11.2.0/../../../../avr/include]
  end of search list found
  collapse include dir [/usr/lib/gcc/avr/11.2.0/include] ==> [/usr/lib/gcc/avr/11.2.0/include]
  collapse include dir [/usr/lib/gcc/avr/11.2.0/include-fixed] ==> [/usr/lib/gcc/avr/11.2.0/include-fixed]
  collapse include dir [/usr/lib/gcc/avr/11.2.0/../../../../avr/include] ==> [/usr/avr/include]
  implicit include dirs: [/usr/lib/gcc/avr/11.2.0/include;/usr/lib/gcc/avr/11.2.0/include-fixed;/usr/avr/include]


Parsed C implicit link information from above output:
  link line regex: [^( *|.*[/\])(avr-ld|CMAKE_LINK_STARTFILE-NOTFOUND|([^/\]+-)?ld|collect2)[^/\]*( |$)]
  ignore line: [Change Dir: /home/groben/Documents/Repos/LabBenchPowerSupply/Firmware/build/CMakeFiles/CMakeTmp]
  ignore line: []
  ignore line: [Run Build Command(s):/usr/bin/make -f Makefile cmTC_bdfa4/fast && /usr/bin/make  -f CMakeFiles/cmTC_bdfa4.dir/build.make CMakeFiles/cmTC_bdfa4.dir/build]
  ignore line: [make[1]: Entering directory '/home/groben/Documents/Repos/LabBenchPowerSupply/Firmware/build/CMakeFiles/CMakeTmp']
  ignore line: [Building C object CMakeFiles/cmTC_bdfa4.dir/CMakeCCompilerABI.c.obj]
  ignore line: [/usr/bin/avr-gcc   -Os -funsigned-char   -funsigned-bitfields   -fpack-struct   -fshort-enums   -ffunction-sections   -fdata-sections   -fno-split-wide-types   -fno-tree-scev-cprop  -Wall   -Wextra   -Wno-main   -Wundef   -pedantic   -Wstrict-prototypes   -Werror   -Wfatal-errors  -Wl --gc-sections -Wl --relax   -v -o CMakeFiles/cmTC_bdfa4.dir/CMakeCCompilerABI.c.obj -c /usr/share/cmake-3.21/Modules/CMakeCCompilerABI.c]
  ignore line: [Using built-in specs.]
  ignore line: [Reading specs from /usr/lib/gcc/avr/11.2.0/device-specs/specs-avr2]
  ignore line: [COLLECT_GCC=/usr/bin/avr-gcc]
  ignore line: [Target: avr]
  ignore line: [Configured with: /build/avr-gcc/src/gcc-11.2.0/configure --disable-install-libiberty --disable-libssp --disable-libstdcxx-pch --disable-libunwind-exceptions --disable-linker-build-id --disable-nls --disable-werror --disable-__cxa_atexit --enable-checking=release --enable-clocale=gnu --enable-gnu-unique-object --enable-gold --enable-languages=c,c++ --enable-ld=default --enable-lto --enable-plugin --enable-shared --infodir=/usr/share/info --libdir=/usr/lib --libexecdir=/usr/lib --mandir=/usr/share/man --prefix=/usr --target=avr --with-as=/usr/bin/avr-as --with-gnu-as --with-gnu-ld --with-ld=/usr/bin/avr-ld --with-plugin-ld=ld.gold --with-system-zlib --with-isl --enable-gnu-indirect-function]
  ignore line: [Thread model: single]
  ignore line: [Supported LTO compression algorithms: zlib zstd]
  ignore line: [gcc version 11.2.0 (GCC) ]
  ignore line: [COLLECT_GCC_OPTIONS='-Os' '-funsigned-char' '-funsigned-bitfields' '-fpack-struct' '-fshort-enums' '-ffunction-sections' '-fdata-sections' '-fno-split-wide-types' '-fno-tree-scev-cprop' '-Wall' '-Wextra' '-Wno-main' '-Wundef' '-Wpedantic' '-Wstrict-prototypes' '-Werror' '-Wfatal-errors' '-v' '-o' 'CMakeFiles/cmTC_bdfa4.dir/CMakeCCompilerABI.c.obj' '-c' '-mdouble=32' '-mlong-double=64' '-specs=device-specs/specs-avr2' '-dumpdir' 'CMakeFiles/cmTC_bdfa4.dir/']
  ignore line: [ /usr/lib/gcc/avr/11.2.0/cc1 -quiet -v /usr/share/cmake-3.21/Modules/CMakeCCompilerABI.c -mn-flash=6 -mskip-bug -quiet -dumpdir CMakeFiles/cmTC_bdfa4.dir/ -dumpbase CMakeCCompilerABI.c.c -dumpbase-ext .c -mdouble=32 -mlong-double=64 -Os -Wall -Wextra -Wno-main -Wundef -Wpedantic -Wstrict-prototypes -Werror -Wfatal-errors -version -funsigned-char -funsigned-bitfields -fpack-struct -fshort-enums -ffunction-sections -fdata-sections -fno-split-wide-types -fno-tree-scev-cprop -o /tmp/cc7dYv0s.s]
  ignore line: [GNU C17 (GCC) version 11.2.0 (avr)]
  ignore line: [	compiled by GNU C version 11.1.0  GMP version 6.2.1  MPFR version 4.1.0  MPC version 1.2.1  isl version isl-0.24-GMP]
  ignore line: []
  ignore line: [warning: MPFR header version 4.1.0 differs from library version 4.1.0-p13.]
  ignore line: [GGC heuristics: --param ggc-min-expand=100 --param ggc-min-heapsize=131072]
  ignore line: [ignoring nonexistent directory "/usr/lib/gcc/avr/11.2.0/../../../../avr/sys-include"]
  ignore line: [#include "..." search starts here:]
  ignore line: [#include <...> search starts here:]
  ignore line: [ /usr/lib/gcc/avr/11.2.0/include]
  ignore line: [ /usr/lib/gcc/avr/11.2.0/include-fixed]
  ignore line: [ /usr/lib/gcc/avr/11.2.0/../../../../avr/include]
  ignore line: [End of search list.]
  ignore line: [GNU C17 (GCC) version 11.2.0 (avr)]
  ignore line: [	compiled by GNU C version 11.1.0  GMP version 6.2.1  MPFR version 4.1.0  MPC version 1.2.1  isl version isl-0.24-GMP]
  ignore line: []
  ignore line: [warning: MPFR header version 4.1.0 differs from library version 4.1.0-p13.]
  ignore line: [GGC heuristics: --param ggc-min-expand=100 --param ggc-min-heapsize=131072]
  ignore line: [Compiler executable checksum: 90e2d9cdda96869ff5513b5bb6a12cd9]
  ignore line: [COLLECT_GCC_OPTIONS='-Os' '-funsigned-char' '-funsigned-bitfields' '-fpack-struct' '-fshort-enums' '-ffunction-sections' '-fdata-sections' '-fno-split-wide-types' '-fno-tree-scev-cprop' '-Wall' '-Wextra' '-Wno-main' '-Wundef' '-Wpedantic' '-Wstrict-prototypes' '-Werror' '-Wfatal-errors' '-v' '-o' 'CMakeFiles/cmTC_bdfa4.dir/CMakeCCompilerABI.c.obj' '-c' '-mdouble=32' '-mlong-double=64' '-specs=device-specs/specs-avr2' '-dumpdir' 'CMakeFiles/cmTC_bdfa4.dir/']
  ignore line: [ /usr/bin/avr-as -v -mmcu=avr2 -mgcc-isr -o CMakeFiles/cmTC_bdfa4.dir/CMakeCCompilerABI.c.obj /tmp/cc7dYv0s.s]
  ignore line: [GNU assembler version 2.37 (avr) using BFD version (GNU Binutils) 2.37]
  ignore line: [COMPILER_PATH=/usr/lib/gcc/avr/11.2.0/:/usr/lib/gcc/avr/11.2.0/:/usr/lib/gcc/avr/:/usr/lib/gcc/avr/11.2.0/:/usr/lib/gcc/avr/]
  ignore line: [LIBRARY_PATH=/usr/lib/gcc/avr/11.2.0/:/usr/lib/gcc/avr/11.2.0/../../../../avr/lib/]
  ignore line: [COLLECT_GCC_OPTIONS='-Os' '-funsigned-char' '-funsigned-bitfields' '-fpack-struct' '-fshort-enums' '-ffunction-sections' '-fdata-sections' '-fno-split-wide-types' '-fno-tree-scev-cprop' '-Wall' '-Wextra' '-Wno-main' '-Wundef' '-Wpedantic' '-Wstrict-prototypes' '-Werror' '-Wfatal-errors' '-v' '-o' 'CMakeFiles/cmTC_bdfa4.dir/CMakeCCompilerABI.c.obj' '-c' '-mdouble=32' '-mlong-double=64' '-specs=device-specs/specs-avr2' '-dumpdir' 'CMakeFiles/cmTC_bdfa4.dir/CMakeCCompilerABI.c.']
  ignore line: [Linking C static library libcmTC_bdfa4.a]
  ignore line: [/usr/bin/cmake -P CMakeFiles/cmTC_bdfa4.dir/cmake_clean_target.cmake]
  ignore line: [/usr/bin/cmake -E cmake_link_script CMakeFiles/cmTC_bdfa4.dir/link.txt --verbose=1]
  ignore line: [/usr/bin/gcc-ar qcs libcmTC_bdfa4.a CMakeFiles/cmTC_bdfa4.dir/CMakeCCompilerABI.c.obj]
  ignore line: [true]
  ignore line: [make[1]: Leaving directory '/home/groben/Documents/Repos/LabBenchPowerSupply/Firmware/build/CMakeFiles/CMakeTmp']
  ignore line: []
  ignore line: []
  implicit libs: []
  implicit objs: []
  implicit dirs: []
  implicit fwks: []


The target system is: Generic - Generic - AVR8
The host system is: Linux - 5.10.85-1-lts - x86_64
Compiling the C compiler identification source file "CMakeCCompilerId.c" succeeded.
Compiler: /usr/bin/avr-gcc 
Build flags: 
Id flags:  

The output was:
0


Compilation of the C compiler identification source "CMakeCCompilerId.c" produced "a.out"

The C compiler identification is GNU, found in "/home/groben/Documents/Repos/LabBenchPowerSupply/Firmware/build/CMakeFiles/3.22.1/CompilerIdC/a.out"

Detecting C compiler ABI info compiled with the following output:
Change Dir: /home/groben/Documents/Repos/LabBenchPowerSupply/Firmware/build/CMakeFiles/CMakeTmp

Run Build Command(s):/usr/bin/make -f Makefile cmTC_0a4d6/fast && /usr/bin/make  -f CMakeFiles/cmTC_0a4d6.dir/build.make CMakeFiles/cmTC_0a4d6.dir/build
make[1]: Entering directory '/home/groben/Documents/Repos/LabBenchPowerSupply/Firmware/build/CMakeFiles/CMakeTmp'
Building C object CMakeFiles/cmTC_0a4d6.dir/CMakeCCompilerABI.c.obj
/usr/bin/avr-gcc   -Os -funsigned-char   -funsigned-bitfields   -fpack-struct   -fshort-enums   -ffunction-sections   -fdata-sections   -fno-split-wide-types   -fno-tree-scev-cprop  -Wall   -Wextra   -Wno-main   -Wundef   -pedantic   -Wstrict-prototypes   -Werror   -Wfatal-errors  -Wl,--gc-sections -Wl,--relax   -v -o CMakeFiles/cmTC_0a4d6.dir/CMakeCCompilerABI.c.obj -c /usr/share/cmake-3.22/Modules/CMakeCCompilerABI.c
Using built-in specs.
Reading specs from /usr/lib/gcc/avr/11.2.0/device-specs/specs-avr2
COLLECT_GCC=/usr/bin/avr-gcc
Target: avr
Configured with: /build/avr-gcc/src/gcc-11.2.0/configure --disable-install-libiberty --disable-libssp --disable-libstdcxx-pch --disable-libunwind-exceptions --disable-linker-build-id --disable-nls --disable-werror --disable-__cxa_atexit --enable-checking=release --enable-clocale=gnu --enable-gnu-unique-object --enable-gold --enable-languages=c,c++ --enable-ld=default --enable-lto --enable-plugin --enable-shared --infodir=/usr/share/info --libdir=/usr/lib --libexecdir=/usr/lib --mandir=/usr/share/man --prefix=/usr --target=avr --with-as=/usr/bin/avr-as --with-gnu-as --with-gnu-ld --with-ld=/usr/bin/avr-ld --with-plugin-ld=ld.gold --with-system-zlib --with-isl --enable-gnu-indirect-function
Thread model: single
Supported LTO compression algorithms: zlib zstd
gcc version 11.2.0 (GCC) 
COLLECT_GCC_OPTIONS='-Os' '-funsigned-char' '-funsigned-bitfields' '-fpack-struct' '-fshort-enums' '-ffunction-sections' '-fdata-sections' '-fno-split-wide-types' '-fno-tree-scev-cprop' '-Wall' '-Wextra' '-Wno-main' '-Wundef' '-Wpedantic' '-Wstrict-prototypes' '-Werror' '-Wfatal-errors' '-v' '-o' 'CMakeFiles/cmTC_0a4d6.dir/CMakeCCompilerABI.c.obj' '-c' '-mdouble=32' '-mlong-double=64' '-specs=device-specs/specs-avr2' '-dumpdir' 'CMakeFiles/cmTC_0a4d6.dir/'
 /usr/lib/gcc/avr/11.2.0/cc1 -quiet -v /usr/share/cmake-3.22/Modules/CMakeCCompilerABI.c -mn-flash=6 -mskip-bug -quiet -dumpdir CMakeFiles/cmTC_0a4d6.dir/ -dumpbase CMakeCCompilerABI.c.c -dumpbase-ext .c -mdouble=32 -mlong-double=64 -Os -Wall -Wextra -Wno-main -Wundef -Wpedantic -Wstrict-prototypes -Werror -Wfatal-errors -version -funsigned-char -funsigned-bitfields -fpack-struct -fshort-enums -ffunction-sections -fdata-sections -fno-split-wide-types -fno-tree-scev-cprop -o /tmp/cc0QSe4O.s
GNU C17 (GCC) version 11.2.0 (avr)
	compiled by GNU C version 11.1.0, GMP version 6.2.1, MPFR version 4.1.0, MPC version 1.2.1, isl version isl-0.24-GMP

warning: MPFR header version 4.1.0 differs from library version 4.1.0-p13.
GGC heuristics: --param ggc-min-expand=100 --param ggc-min-heapsize=131072
ignoring nonexistent directory "/usr/lib/gcc/avr/11.2.0/../../../../avr/sys-include"
#include "..." search starts here:
#include <...> search starts here:
 /usr/lib/gcc/avr/11.2.0/include
 /usr/lib/gcc/avr/11.2.0/include-fixed
 /usr/lib/gcc/avr/11.2.0/../../../../avr/include
End of search list.
GNU C17 (GCC) version 11.2.0 (avr)
	compiled by GNU C version 11.1.0, GMP version 6.2.1, MPFR version 4.1.0, MPC version 1.2.1, isl version isl-0.24-GMP

warning: MPFR header version 4.1.0 differs from library version 4.1.0-p13.
GGC heuristics: --param ggc-min-expand=100 --param ggc-min-heapsize=131072
Compiler executable checksum: 90e2d9cdda96869ff5513b5bb6a12cd9
COLLECT_GCC_OPTIONS='-Os' '-funsigned-char' '-funsigned-bitfields' '-fpack-struct' '-fshort-enums' '-ffunction-sections' '-fdata-sections' '-fno-split-wide-types' '-fno-tree-scev-cprop' '-Wall' '-Wextra' '-Wno-main' '-Wundef' '-Wpedantic' '-Wstrict-prototypes' '-Werror' '-Wfatal-errors' '-v' '-o' 'CMakeFiles/cmTC_0a4d6.dir/CMakeCCompilerABI.c.obj' '-c' '-mdouble=32' '-mlong-double=64' '-specs=device-specs/specs-avr2' '-dumpdir' 'CMakeFiles/cmTC_0a4d6.dir/'
 /usr/bin/avr-as -v -mmcu=avr2 -mgcc-isr -o CMakeFiles/cmTC_0a4d6.dir/CMakeCCompilerABI.c.obj /tmp/cc0QSe4O.s
GNU assembler version 2.37 (avr) using BFD version (GNU Binutils) 2.37
COMPILER_PATH=/usr/lib/gcc/avr/11.2.0/:/usr/lib/gcc/avr/11.2.0/:/usr/lib/gcc/avr/:/usr/lib/gcc/avr/11.2.0/:/usr/lib/gcc/avr/
LIBRARY_PATH=/usr/lib/gcc/avr/11.2.0/:/usr/lib/gcc/avr/11.2.0/../../../../avr/lib/
COLLECT_GCC_OPTIONS='-Os' '-funsigned-char' '-funsigned-bitfields' '-fpack-struct' '-fshort-enums' '-ffunction-sections' '-fdata-sections' '-fno-split-wide-types' '-fno-tree-scev-cprop' '-Wall' '-Wextra' '-Wno-main' '-Wundef' '-Wpedantic' '-Wstrict-prototypes' '-Werror' '-Wfatal-errors' '-v' '-o' 'CMakeFiles/cmTC_0a4d6.dir/CMakeCCompilerABI.c.obj' '-c' '-mdouble=32' '-mlong-double=64' '-specs=device-specs/specs-avr2' '-dumpdir' 'CMakeFiles/cmTC_0a4d6.dir/CMakeCCompilerABI.c.'
Linking C static library libcmTC_0a4d6.a
/usr/bin/cmake -P CMakeFiles/cmTC_0a4d6.dir/cmake_clean_target.cmake
/usr/bin/cmake -E cmake_link_script CMakeFiles/cmTC_0a4d6.dir/link.txt --verbose=1
/usr/bin/gcc-ar qcs libcmTC_0a4d6.a CMakeFiles/cmTC_0a4d6.dir/CMakeCCompilerABI.c.obj
true
make[1]: Leaving directory '/home/groben/Documents/Repos/LabBenchPowerSupply/Firmware/build/CMakeFiles/CMakeTmp'



Parsed C implicit include dir info from above output: rv=done
  found start of include info
  found start of implicit include info
    add: [/usr/lib/gcc/avr/11.2.0/include]
    add: [/usr/lib/gcc/avr/11.2.0/include-fixed]
    add: [/usr/lib/gcc/avr/11.2.0/../../../../avr/include]
  end of search list found
  collapse include dir [/usr/lib/gcc/avr/11.2.0/include] ==> [/usr/lib/gcc/avr/11.2.0/include]
  collapse include dir [/usr/lib/gcc/avr/11.2.0/include-fixed] ==> [/usr/lib/gcc/avr/11.2.0/include-fixed]
  collapse include dir [/usr/lib/gcc/avr/11.2.0/../../../../avr/include] ==> [/usr/avr/include]
  implicit include dirs: [/usr/lib/gcc/avr/11.2.0/include;/usr/lib/gcc/avr/11.2.0/include-fixed;/usr/avr/include]


Parsed C implicit link information from above output:
  link line regex: [^( *|.*[/\])(avr-ld|CMAKE_LINK_STARTFILE-NOTFOUND|([^/\]+-)?ld|collect2)[^/\]*( |$)]
  ignore line: [Change Dir: /home/groben/Documents/Repos/LabBenchPowerSupply/Firmware/build/CMakeFiles/CMakeTmp]
  ignore line: []
  ignore line: [Run Build Command(s):/usr/bin/make -f Makefile cmTC_0a4d6/fast && /usr/bin/make  -f CMakeFiles/cmTC_0a4d6.dir/build.make CMakeFiles/cmTC_0a4d6.dir/build]
  ignore line: [make[1]: Entering directory '/home/groben/Documents/Repos/LabBenchPowerSupply/Firmware/build/CMakeFiles/CMakeTmp']
  ignore line: [Building C object CMakeFiles/cmTC_0a4d6.dir/CMakeCCompilerABI.c.obj]
  ignore line: [/usr/bin/avr-gcc   -Os -funsigned-char   -funsigned-bitfields   -fpack-struct   -fshort-enums   -ffunction-sections   -fdata-sections   -fno-split-wide-types   -fno-tree-scev-cprop  -Wall   -Wextra   -Wno-main   -Wundef   -pedantic   -Wstrict-prototypes   -Werror   -Wfatal-errors  -Wl --gc-sections -Wl --relax   -v -o CMakeFiles/cmTC_0a4d6.dir/CMakeCCompilerABI.c.obj -c /usr/share/cmake-3.22/Modules/CMakeCCompilerABI.c]
  ignore line: [Using built-in specs.]
  ignore line: [Reading specs from /usr/lib/gcc/avr/11.2.0/device-specs/specs-avr2]
  ignore line: [COLLECT_GCC=/usr/bin/avr-gcc]
  ignore line: [Target: avr]
  ignore line: [Configured with: /build/avr-gcc/src/gcc-11.2.0/configure --disable-install-libiberty --disable-libssp --disable-libstdcxx-pch --disable-libunwind-exceptions --disable-linker-build-id --disable-nls --disable-werror --disable-__cxa_atexit --enable-checking=release --enable-clocale=gnu --enable-gnu-unique-object --enable-gold --enable-languages=c,c++ --enable-ld=default --enable-lto --enable-plugin --enable-shared --infodir=/usr/share/info --libdir=/usr/lib --libexecdir=/usr/lib --mandir=/usr/share/man --prefix=/usr --target=avr --with-as=/usr/bin/avr-as --with-gnu-as --with-gnu-ld --with-ld=/usr/bin/avr-ld --with-plugin-ld=ld.gold --with-system-zlib --with-isl --enable-gnu-indirect-function]
  ignore line: [Thread model: single]
  ignore line: [Supported LTO compression algorithms: zlib zstd]
  ignore line: [gcc version 11.2.0 (GCC) ]
  ignore line: [COLLECT_GCC_OPTIONS='-Os' '-funsigned-char' '-funsigned-bitfields' '-fpack-struct' '-fshort-enums' '-ffunction-sections' '-fdata-sections' '-fno-split-wide-types' '-fno-tree-scev-cprop' '-Wall' '-Wextra' '-Wno-main' '-Wundef' '-Wpedantic' '-Wstrict-prototypes' '-Werror' '-Wfatal-errors' '-v' '-o' 'CMakeFiles/cmTC_0a4d6.dir/CMakeCCompilerABI.c.obj' '-c' '-mdouble=32' '-mlong-double=64' '-specs=device-specs/specs-avr2' '-dumpdir' 'CMakeFiles/cmTC_0a4d6.dir/']
  ignore line: [ /usr/lib/gcc/avr/11.2.0/cc1 -quiet -v /usr/share/cmake-3.22/Modules/CMakeCCompilerABI.c -mn-flash=6 -mskip-bug -quiet -dumpdir CMakeFiles/cmTC_0a4d6.dir/ -dumpbase CMakeCCompilerABI.c.c -dumpbase-ext .c -mdouble=32 -mlong-double=64 -Os -Wall -Wextra -Wno-main -Wundef -Wpedantic -Wstrict-prototypes -Werror -Wfatal-errors -version -funsigned-char -funsigned-bitfields -fpack-struct -fshort-enums -ffunction-sections -fdata-sections -fno-split-wide-types -fno-tree-scev-cprop -o /tmp/cc0QSe4O.s]
  ignore line: [GNU C17 (GCC) version 11.2.0 (avr)]
  ignore line: [	compiled by GNU C version 11.1.0  GMP version 6.2.1  MPFR version 4.1.0  MPC version 1.2.1  isl version isl-0.24-GMP]
  ignore line: []
  ignore line: [warning: MPFR header version 4.1.0 differs from library version 4.1.0-p13.]
  ignore line: [GGC heuristics: --param ggc-min-expand=100 --param ggc-min-heapsize=131072]
  ignore line: [ignoring nonexistent directory "/usr/lib/gcc/avr/11.2.0/../../../../avr/sys-include"]
  ignore line: [#include "..." search starts here:]
  ignore line: [#include <...> search starts here:]
  ignore line: [ /usr/lib/gcc/avr/11.2.0/include]
  ignore line: [ /usr/lib/gcc/avr/11.2.0/include-fixed]
  ignore line: [ /usr/lib/gcc/avr/11.2.0/../../../../avr/include]
  ignore line: [End of search list.]
  ignore line: [GNU C17 (GCC) version 11.2.0 (avr)]
  ignore line: [	compiled by GNU C version 11.1.0  GMP version 6.2.1  MPFR version 4.1.0  MPC version 1.2.1  isl version isl-0.24-GMP]
  ignore line: []
  ignore line: [warning: MPFR header version 4.1.0 differs from library version 4.1.0-p13.]
  ignore line: [GGC heuristics: --param ggc-min-expand=100 --param ggc-min-heapsize=131072]
  ignore line: [Compiler executable checksum: 90e2d9cdda96869ff5513b5bb6a12cd9]
  ignore line: [COLLECT_GCC_OPTIONS='-Os' '-funsigned-char' '-funsigned-bitfields' '-fpack-struct' '-fshort-enums' '-ffunction-sections' '-fdata-sections' '-fno-split-wide-types' '-fno-tree-scev-cprop' '-Wall' '-Wextra' '-Wno-main' '-Wundef' '-Wpedantic' '-Wstrict-prototypes' '-Werror' '-Wfatal-errors' '-v' '-o' 'CMakeFiles/cmTC_0a4d6.dir/CMakeCCompilerABI.c.obj' '-c' '-mdouble=32' '-mlong-double=64' '-specs=device-specs/specs-avr2' '-dumpdir' 'CMakeFiles/cmTC_0a4d6.dir/']
  ignore line: [ /usr/bin/avr-as -v -mmcu=avr2 -mgcc-isr -o CMakeFiles/cmTC_0a4d6.dir/CMakeCCompilerABI.c.obj /tmp/cc0QSe4O.s]
  ignore line: [GNU assembler version 2.37 (avr) using BFD version (GNU Binutils) 2.37]
  ignore line: [COMPILER_PATH=/usr/lib/gcc/avr/11.2.0/:/usr/lib/gcc/avr/11.2.0/:/usr/lib/gcc/avr/:/usr/lib/gcc/avr/11.2.0/:/usr/lib/gcc/avr/]
  ignore line: [LIBRARY_PATH=/usr/lib/gcc/avr/11.2.0/:/usr/lib/gcc/avr/11.2.0/../../../../avr/lib/]
  ignore line: [COLLECT_GCC_OPTIONS='-Os' '-funsigned-char' '-funsigned-bitfields' '-fpack-struct' '-fshort-enums' '-ffunction-sections' '-fdata-sections' '-fno-split-wide-types' '-fno-tree-scev-cprop' '-Wall' '-Wextra' '-Wno-main' '-Wundef' '-Wpedantic' '-Wstrict-prototypes' '-Werror' '-Wfatal-errors' '-v' '-o' 'CMakeFiles/cmTC_0a4d6.dir/CMakeCCompilerABI.c.obj' '-c' '-mdouble=32' '-mlong-double=64' '-specs=device-specs/specs-avr2' '-dumpdir' 'CMakeFiles/cmTC_0a4d6.dir/CMakeCCompilerABI.c.']
  ignore line: [Linking C static library libcmTC_0a4d6.a]
  ignore line: [/usr/bin/cmake -P CMakeFiles/cmTC_0a4d6.dir/cmake_clean_target.cmake]
  ignore line: [/usr/bin/cmake -E cmake_link_script CMakeFiles/cmTC_0a4d6.dir/link.txt --verbose=1]
  ignore line: [/usr/bin/gcc-ar qcs libcmTC_0a4d6.a CMakeFiles/cmTC_0a4d6.dir/CMakeCCompilerABI.c.obj]
  ignore line: [true]
  ignore line: [make[1]: Leaving directory '/home/groben/Documents/Repos/LabBenchPowerSupply/Firmware/build/CMakeFiles/CMakeTmp']
  ignore line: []
  ignore line: []
  implicit libs: []
  implicit objs: []
  implicit dirs: []
  implicit fwks: []


The target system is: Generic - Generic - AVR8
The host system is: Linux - 5.15.24-2-lts - x86_64
Compiling the C compiler identification source file "CMakeCCompilerId.c" succeeded.
Compiler: /usr/bin/avr-gcc 
Build flags: 
Id flags:  

The output was:
0


Compilation of the C compiler identification source "CMakeCCompilerId.c" produced "a.out"

The C compiler identification is GNU, found in "/home/groben/Documents/Repos/LabBenchPowerSupply/Firmware/build/CMakeFiles/3.22.2/CompilerIdC/a.out"

Detecting C compiler ABI info compiled with the following output:
Change Dir: /home/groben/Documents/Repos/LabBenchPowerSupply/Firmware/build/CMakeFiles/CMakeTmp

Run Build Command(s):/usr/bin/make -f Makefile cmTC_f87f5/fast && /usr/bin/make  -f CMakeFiles/cmTC_f87f5.dir/build.make CMakeFiles/cmTC_f87f5.dir/build
make[1]: Entering directory '/home/groben/Documents/Repos/LabBenchPowerSupply/Firmware/build/CMakeFiles/CMakeTmp'
Building C object CMakeFiles/cmTC_f87f5.dir/CMakeCCompilerABI.c.obj
/usr/bin/avr-gcc   -Os -funsigned-char   -funsigned-bitfields   -fpack-struct   -fshort-enums   -ffunction-sections   -fdata-sections   -fno-split-wide-types   -fno-tree-scev-cprop  -Wall   -Wextra   -Wno-main   -Wundef   -pedantic   -Wstrict-prototypes   -Werror   -Wfatal-errors  -Wl,--gc-sections -Wl,--relax   -v -o CMakeFiles/cmTC_f87f5.dir/CMakeCCompilerABI.c.obj -c /usr/share/cmake/Modules/CMakeCCompilerABI.c
Using built-in specs.
Reading specs from /usr/lib/gcc/avr/11.2.0/device-specs/specs-avr2
COLLECT_GCC=/usr/bin/avr-gcc
Target: avr
Configured with: /build/avr-gcc/src/gcc-11.2.0/configure --disable-install-libiberty --disable-libssp --disable-libstdcxx-pch --disable-libunwind-exceptions --disable-linker-build-id --disable-nls --disable-werror --disable-__cxa_atexit --enable-checking=release --enable-clocale=gnu --enable-gnu-unique-object --enable-gold --enable-languages=c,c++ --enable-ld=default --enable-lto --enable-plugin --enable-shared --infodir=/usr/share/info --libdir=/usr/lib --libexecdir=/usr/lib --mandir=/usr/share/man --prefix=/usr --target=avr --with-as=/usr/bin/avr-as --with-gnu-as --with-gnu-ld --with-ld=/usr/bin/avr-ld --with-plugin-ld=ld.gold --with-system-zlib --with-isl --enable-gnu-indirect-function
Thread model: single
Supported LTO compression algorithms: zlib zstd
gcc version 11.2.0 (GCC) 
COLLECT_GCC_OPTIONS='-Os' '-funsigned-char' '-funsigned-bitfields' '-fpack-struct' '-fshort-enums' '-ffunction-sections' '-fdata-sections' '-fno-split-wide-types' '-fno-tree-scev-cprop' '-Wall' '-Wextra' '-Wno-main' '-Wundef' '-Wpedantic' '-Wstrict-prototypes' '-Werror' '-Wfatal-errors' '-v' '-o' 'CMakeFiles/cmTC_f87f5.dir/CMakeCCompilerABI.c.obj' '-c' '-mdouble=32' '-mlong-double=64' '-specs=device-specs/specs-avr2' '-dumpdir' 'CMakeFiles/cmTC_f87f5.dir/'
 /usr/lib/gcc/avr/11.2.0/cc1 -quiet -v /usr/share/cmake/Modules/CMakeCCompilerABI.c -mn-flash=6 -mskip-bug -quiet -dumpdir CMakeFiles/cmTC_f87f5.dir/ -dumpbase CMakeCCompilerABI.c.c -dumpbase-ext .c -mdouble=32 -mlong-double=64 -Os -Wall -Wextra -Wno-main -Wundef -Wpedantic -Wstrict-prototypes -Werror -Wfatal-errors -version -funsigned-char -funsigned-bitfields -fpack-struct -fshort-enums -ffunction-sections -fdata-sections -fno-split-wide-types -fno-tree-scev-cprop -o /tmp/cc3ytMXg.s
GNU C17 (GCC) version 11.2.0 (avr)
	compiled by GNU C version 11.1.0, GMP version 6.2.1, MPFR version 4.1.0, MPC version 1.2.1, isl version isl-0.24-GMP

warning: MPFR header version 4.1.0 differs from library version 4.1.0-p13.
GGC heuristics: --param ggc-min-expand=100 --param ggc-min-heapsize=131072
ignoring nonexistent directory "/usr/lib/gcc/avr/11.2.0/../../../../avr/sys-include"
#include "..." search starts here:
#include <...> search starts here:
 /usr/lib/gcc/avr/11.2.0/include
 /usr/lib/gcc/avr/11.2.0/include-fixed
 /usr/lib/gcc/avr/11.2.0/../../../../avr/include
End of search list.
GNU C17 (GCC) version 11.2.0 (avr)
	compiled by GNU C version 11.1.0, GMP version 6.2.1, MPFR version 4.1.0, MPC version 1.2.1, isl version isl-0.24-GMP

warning: MPFR header version 4.1.0 differs from library version 4.1.0-p13.
GGC heuristics: --param ggc-min-expand=100 --param ggc-min-heapsize=131072
Compiler executable checksum: 90e2d9cdda96869ff5513b5bb6a12cd9
COLLECT_GCC_OPTIONS='-Os' '-funsigned-char' '-funsigned-bitfields' '-fpack-struct' '-fshort-enums' '-ffunction-sections' '-fdata-sections' '-fno-split-wide-types' '-fno-tree-scev-cprop' '-Wall' '-Wextra' '-Wno-main' '-Wundef' '-Wpedantic' '-Wstrict-prototypes' '-Werror' '-Wfatal-errors' '-v' '-o' 'CMakeFiles/cmTC_f87f5.dir/CMakeCCompilerABI.c.obj' '-c' '-mdouble=32' '-mlong-double=64' '-specs=device-specs/specs-avr2' '-dumpdir' 'CMakeFiles/cmTC_f87f5.dir/'
 /usr/bin/avr-as -v -mmcu=avr2 -mgcc-isr -o CMakeFiles/cmTC_f87f5.dir/CMakeCCompilerABI.c.obj /tmp/cc3ytMXg.s
GNU assembler version 2.37 (avr) using BFD version (GNU Binutils) 2.37
COMPILER_PATH=/usr/lib/gcc/avr/11.2.0/:/usr/lib/gcc/avr/11.2.0/:/usr/lib/gcc/avr/:/usr/lib/gcc/avr/11.2.0/:/usr/lib/gcc/avr/
LIBRARY_PATH=/usr/lib/gcc/avr/11.2.0/:/usr/lib/gcc/avr/11.2.0/../../../../avr/lib/
COLLECT_GCC_OPTIONS='-Os' '-funsigned-char' '-funsigned-bitfields' '-fpack-struct' '-fshort-enums' '-ffunction-sections' '-fdata-sections' '-fno-split-wide-types' '-fno-tree-scev-cprop' '-Wall' '-Wextra' '-Wno-main' '-Wundef' '-Wpedantic' '-Wstrict-prototypes' '-Werror' '-Wfatal-errors' '-v' '-o' 'CMakeFiles/cmTC_f87f5.dir/CMakeCCompilerABI.c.obj' '-c' '-mdouble=32' '-mlong-double=64' '-specs=device-specs/specs-avr2' '-dumpdir' 'CMakeFiles/cmTC_f87f5.dir/CMakeCCompilerABI.c.'
Linking C static library libcmTC_f87f5.a
/usr/bin/cmake -P CMakeFiles/cmTC_f87f5.dir/cmake_clean_target.cmake
/usr/bin/cmake -E cmake_link_script CMakeFiles/cmTC_f87f5.dir/link.txt --verbose=1
/usr/bin/gcc-ar qcs libcmTC_f87f5.a CMakeFiles/cmTC_f87f5.dir/CMakeCCompilerABI.c.obj
true
make[1]: Leaving directory '/home/groben/Documents/Repos/LabBenchPowerSupply/Firmware/build/CMakeFiles/CMakeTmp'



Parsed C implicit include dir info from above output: rv=done
  found start of include info
  found start of implicit include info
    add: [/usr/lib/gcc/avr/11.2.0/include]
    add: [/usr/lib/gcc/avr/11.2.0/include-fixed]
    add: [/usr/lib/gcc/avr/11.2.0/../../../../avr/include]
  end of search list found
  collapse include dir [/usr/lib/gcc/avr/11.2.0/include] ==> [/usr/lib/gcc/avr/11.2.0/include]
  collapse include dir [/usr/lib/gcc/avr/11.2.0/include-fixed] ==> [/usr/lib/gcc/avr/11.2.0/include-fixed]
  collapse include dir [/usr/lib/gcc/avr/11.2.0/../../../../avr/include] ==> [/usr/avr/include]
  implicit include dirs: [/usr/lib/gcc/avr/11.2.0/include;/usr/lib/gcc/avr/11.2.0/include-fixed;/usr/avr/include]


Parsed C implicit link information from above output:
  link line regex: [^( *|.*[/\])(avr-ld|CMAKE_LINK_STARTFILE-NOTFOUND|([^/\]+-)?ld|collect2)[^/\]*( |$)]
  ignore line: [Change Dir: /home/groben/Documents/Repos/LabBenchPowerSupply/Firmware/build/CMakeFiles/CMakeTmp]
  ignore line: []
  ignore line: [Run Build Command(s):/usr/bin/make -f Makefile cmTC_f87f5/fast && /usr/bin/make  -f CMakeFiles/cmTC_f87f5.dir/build.make CMakeFiles/cmTC_f87f5.dir/build]
  ignore line: [make[1]: Entering directory '/home/groben/Documents/Repos/LabBenchPowerSupply/Firmware/build/CMakeFiles/CMakeTmp']
  ignore line: [Building C object CMakeFiles/cmTC_f87f5.dir/CMakeCCompilerABI.c.obj]
  ignore line: [/usr/bin/avr-gcc   -Os -funsigned-char   -funsigned-bitfields   -fpack-struct   -fshort-enums   -ffunction-sections   -fdata-sections   -fno-split-wide-types   -fno-tree-scev-cprop  -Wall   -Wextra   -Wno-main   -Wundef   -pedantic   -Wstrict-prototypes   -Werror   -Wfatal-errors  -Wl --gc-sections -Wl --relax   -v -o CMakeFiles/cmTC_f87f5.dir/CMakeCCompilerABI.c.obj -c /usr/share/cmake/Modules/CMakeCCompilerABI.c]
  ignore line: [Using built-in specs.]
  ignore line: [Reading specs from /usr/lib/gcc/avr/11.2.0/device-specs/specs-avr2]
  ignore line: [COLLECT_GCC=/usr/bin/avr-gcc]
  ignore line: [Target: avr]
  ignore line: [Configured with: /build/avr-gcc/src/gcc-11.2.0/configure --disable-install-libiberty --disable-libssp --disable-libstdcxx-pch --disable-libunwind-exceptions --disable-linker-build-id --disable-nls --disable-werror --disable-__cxa_atexit --enable-checking=release --enable-clocale=gnu --enable-gnu-unique-object --enable-gold --enable-languages=c,c++ --enable-ld=default --enable-lto --enable-plugin --enable-shared --infodir=/usr/share/info --libdir=/usr/lib --libexecdir=/usr/lib --mandir=/usr/share/man --prefix=/usr --target=avr --with-as=/usr/bin/avr-as --with-gnu-as --with-gnu-ld --with-ld=/usr/bin/avr-ld --with-plugin-ld=ld.gold --with-system-zlib --with-isl --enable-gnu-indirect-function]
  ignore line: [Thread model: single]
  ignore line: [Supported LTO compression algorithms: zlib zstd]
  ignore line: [gcc version 11.2.0 (GCC) ]
  ignore line: [COLLECT_GCC_OPTIONS='-Os' '-funsigned-char' '-funsigned-bitfields' '-fpack-struct' '-fshort-enums' '-ffunction-sections' '-fdata-sections' '-fno-split-wide-types' '-fno-tree-scev-cprop' '-Wall' '-Wextra' '-Wno-main' '-Wundef' '-Wpedantic' '-Wstrict-prototypes' '-Werror' '-Wfatal-errors' '-v' '-o' 'CMakeFiles/cmTC_f87f5.dir/CMakeCCompilerABI.c.obj' '-c' '-mdouble=32' '-mlong-double=64' '-specs=device-specs/specs-avr2' '-dumpdir' 'CMakeFiles/cmTC_f87f5.dir/']
  ignore line: [ /usr/lib/gcc/avr/11.2.0/cc1 -quiet -v /usr/share/cmake/Modules/CMakeCCompilerABI.c -mn-flash=6 -mskip-bug -quiet -dumpdir CMakeFiles/cmTC_f87f5.dir/ -dumpbase CMakeCCompilerABI.c.c -dumpbase-ext .c -mdouble=32 -mlong-double=64 -Os -Wall -Wextra -Wno-main -Wundef -Wpedantic -Wstrict-prototypes -Werror -Wfatal-errors -version -funsigned-char -funsigned-bitfields -fpack-struct -fshort-enums -ffunction-sections -fdata-sections -fno-split-wide-types -fno-tree-scev-cprop -o /tmp/cc3ytMXg.s]
  ignore line: [GNU C17 (GCC) version 11.2.0 (avr)]
  ignore line: [	compiled by GNU C version 11.1.0  GMP version 6.2.1  MPFR version 4.1.0  MPC version 1.2.1  isl version isl-0.24-GMP]
  ignore line: []
  ignore line: [warning: MPFR header version 4.1.0 differs from library version 4.1.0-p13.]
  ignore line: [GGC heuristics: --param ggc-min-expand=100 --param ggc-min-heapsize=131072]
  ignore line: [ignoring nonexistent directory "/usr/lib/gcc/avr/11.2.0/../../../../avr/sys-include"]
  ignore line: [#include "..." search starts here:]
  ignore line: [#include <...> search starts here:]
  ignore line: [ /usr/lib/gcc/avr/11.2.0/include]
  ignore line: [ /usr/lib/gcc/avr/11.2.0/include-fixed]
  ignore line: [ /usr/lib/gcc/avr/11.2.0/../../../../avr/include]
  ignore line: [End of search list.]
  ignore line: [GNU C17 (GCC) version 11.2.0 (avr)]
  ignore line: [	compiled by GNU C version 11.1.0  GMP version 6.2.1  MPFR version 4.1.0  MPC version 1.2.1  isl version isl-0.24-GMP]
  ignore line: []
  ignore line: [warning: MPFR header version 4.1.0 differs from library version 4.1.0-p13.]
  ignore line: [GGC heuristics: --param ggc-min-expand=100 --param ggc-min-heapsize=131072]
  ignore line: [Compiler executable checksum: 90e2d9cdda96869ff5513b5bb6a12cd9]
  ignore line: [COLLECT_GCC_OPTIONS='-Os' '-funsigned-char' '-funsigned-bitfields' '-fpack-struct' '-fshort-enums' '-ffunction-sections' '-fdata-sections' '-fno-split-wide-types' '-fno-tree-scev-cprop' '-Wall' '-Wextra' '-Wno-main' '-Wundef' '-Wpedantic' '-Wstrict-prototypes' '-Werror' '-Wfatal-errors' '-v' '-o' 'CMakeFiles/cmTC_f87f5.dir/CMakeCCompilerABI.c.obj' '-c' '-mdouble=32' '-mlong-double=64' '-specs=device-specs/specs-avr2' '-dumpdir' 'CMakeFiles/cmTC_f87f5.dir/']
  ignore line: [ /usr/bin/avr-as -v -mmcu=avr2 -mgcc-isr -o CMakeFiles/cmTC_f87f5.dir/CMakeCCompilerABI.c.obj /tmp/cc3ytMXg.s]
  ignore line: [GNU assembler version 2.37 (avr) using BFD version (GNU Binutils) 2.37]
  ignore line: [COMPILER_PATH=/usr/lib/gcc/avr/11.2.0/:/usr/lib/gcc/avr/11.2.0/:/usr/lib/gcc/avr/:/usr/lib/gcc/avr/11.2.0/:/usr/lib/gcc/avr/]
  ignore line: [LIBRARY_PATH=/usr/lib/gcc/avr/11.2.0/:/usr/lib/gcc/avr/11.2.0/../../../../avr/lib/]
  ignore line: [COLLECT_GCC_OPTIONS='-Os' '-funsigned-char' '-funsigned-bitfields' '-fpack-struct' '-fshort-enums' '-ffunction-sections' '-fdata-sections' '-fno-split-wide-types' '-fno-tree-scev-cprop' '-Wall' '-Wextra' '-Wno-main' '-Wundef' '-Wpedantic' '-Wstrict-prototypes' '-Werror' '-Wfatal-errors' '-v' '-o' 'CMakeFiles/cmTC_f87f5.dir/CMakeCCompilerABI.c.obj' '-c' '-mdouble=32' '-mlong-double=64' '-specs=device-specs/specs-avr2' '-dumpdir' 'CMakeFiles/cmTC_f87f5.dir/CMakeCCompilerABI.c.']
  ignore line: [Linking C static library libcmTC_f87f5.a]
  ignore line: [/usr/bin/cmake -P CMakeFiles/cmTC_f87f5.dir/cmake_clean_target.cmake]
  ignore line: [/usr/bin/cmake -E cmake_link_script CMakeFiles/cmTC_f87f5.dir/link.txt --verbose=1]
  ignore line: [/usr/bin/gcc-ar qcs libcmTC_f87f5.a CMakeFiles/cmTC_f87f5.dir/CMakeCCompilerABI.c.obj]
  ignore line: [true]
  ignore line: [make[1]: Leaving directory '/home/groben/Documents/Repos/LabBenchPowerSupply/Firmware/build/CMakeFiles/CMakeTmp']
  ignore line: []
  ignore line: []
  implicit libs: []
  implicit objs: []
  implicit dirs: []
  implicit fwks: []


